%!Adobe-FontList 1.13
%Locale:0x409

%BeginFont
Handler:DirectoryHandler
FontType:Type1
FontName:Apercu-Italic
FamilyName:Apercu
StyleName:Italic
MenuName:Apercu
StyleBits:1
WeightClass:400
WidthClass:5
AngleClass:0
FullName:Apercu Italic
WritingScript:Roman
OutlineFileName:\Apercu-Italic.otf
DataFormat:sfntData
UsesStandardEncoding:yes
isCFF:yes
FileLength:80880
FileModTime:1282934090
%EndFont

%BeginFont
Handler:DirectoryHandler
FontType:Type1
FontName:Apercu
FamilyName:Apercu
StyleName:Regular
MenuName:Apercu
StyleBits:0
WeightClass:400
WidthClass:5
AngleClass:0
FullName:Apercu
WritingScript:Roman
OutlineFileName:\Apercu.otf
DataFormat:sfntData
UsesStandardEncoding:yes
isCFF:yes
FileLength:75492
FileModTime:1282908970
%EndFont

%BeginFont
Handler:DirectoryHandler
FontType:TrueType
FontName:Baskerville-Bold
FamilyName:Baskerville
StyleName:Bold
MenuName:Baskerville
StyleBits:2
WeightClass:700
WidthClass:5
AngleClass:0
FullName:Baskerville Bold
WritingScript:Roman
OutlineFileName:\Baskerville.ttc
TTCOffset:48
DataFormat:sfntData
FileLength:1277484
FileModTime:1410310401
%EndFont

%BeginFont
Handler:DirectoryHandler
FontType:TrueType
FontName:Baskerville-BoldItalic
FamilyName:Baskerville
StyleName:Bold Italic
MenuName:Baskerville
StyleBits:3
WeightClass:700
WidthClass:5
AngleClass:1
FullName:Baskerville Bold Italic
WritingScript:Roman
OutlineFileName:\Baskerville.ttc
TTCOffset:284
DataFormat:sfntData
FileLength:1277484
FileModTime:1410310401
%EndFont

%BeginFont
Handler:DirectoryHandler
FontType:TrueType
FontName:Baskerville-Italic
FamilyName:Baskerville
StyleName:Italic
MenuName:Baskerville
StyleBits:1
WeightClass:400
WidthClass:5
AngleClass:1
FullName:Baskerville Italic
WritingScript:Roman
OutlineFileName:\Baskerville.ttc
TTCOffset:536
DataFormat:sfntData
FileLength:1277484
FileModTime:1410310401
%EndFont

%BeginFont
Handler:DirectoryHandler
FontType:TrueType
FontName:Baskerville
FamilyName:Baskerville
StyleName:Regular
MenuName:Baskerville
StyleBits:0
WeightClass:400
WidthClass:5
AngleClass:0
FullName:Baskerville
WritingScript:Roman
OutlineFileName:\Baskerville.ttc
TTCOffset:788
DataFormat:sfntData
FileLength:1277484
FileModTime:1410310401
%EndFont

%BeginFont
Handler:DirectoryHandler
FontType:TrueType
FontName:Baskerville-SemiBold
FamilyName:Baskerville
StyleName:SemiBold
MenuName:Baskerville
StyleBits:0
WeightClass:600
WidthClass:5
AngleClass:0
FullName:Baskerville SemiBold
WritingScript:Roman
OutlineFileName:\Baskerville.ttc
TTCOffset:1024
DataFormat:sfntData
FileLength:1277484
FileModTime:1410310401
%EndFont

%BeginFont
Handler:DirectoryHandler
FontType:TrueType
FontName:Baskerville-SemiBoldItalic
FamilyName:Baskerville
StyleName:SemiBold Italic
MenuName:Baskerville
StyleBits:1
WeightClass:600
WidthClass:5
AngleClass:1
FullName:Baskerville SemiBold Italic
WritingScript:Roman
OutlineFileName:\Baskerville.ttc
TTCOffset:1260
DataFormat:sfntData
FileLength:1277484
FileModTime:1410310401
%EndFont

%BeginFont
Handler:DirectoryHandler
FontType:Type1
FontName:MinionPro-Regular
FamilyName:Minion Pro
StyleName:Regular
MenuName:Minion Pro
StyleBits:0
WeightClass:400
WidthClass:5
AngleClass:0
FullName:Minion Pro
WritingScript:Roman
OutlineFileName:\MinionPro-Regular.otf
DataFormat:sfntData
UsesStandardEncoding:yes
isCFF:yes
FileLength:218640
FileModTime:1458210838
DesignSize:110
%EndFont

